<?xml version="1.0" encoding="UTF-8"?>
<!-- Generated by org.testng.reporters.JUnitXMLReporter -->
<testsuite ignored="0" hostname="DESKTOP-VN95N0C" failures="1" tests="1" name="Default test(failed)" time="0.563" errors="0" timestamp="30 Jul 2019 05:44:15 GMT">
  <testcase classname="com.bpci.testCases.GetRequestUsingExcel" name="validateAllGetRequest" time="0.463">
    <failure type="java.lang.NullPointerException">
      <![CDATA[java.lang.NullPointerException
at java.base/java.io.FileInputStream.<init>(FileInputStream.java:147)
at java.base/java.io.FileInputStream.<init>(FileInputStream.java:110)
at com.bpci.utilities.ExcelUtils.getRowCount(ExcelUtils.java:24)
at com.bpci.testCases.GetRequestUsingExcel.validateAllGetRequest(GetRequestUsingExcel.java:30)
... Removed 25 stack frames]]>
    </failure>
  </testcase> <!-- validateAllGetRequest -->
</testsuite> <!-- Default test(failed) -->
