# JRE version: Java(TM) SE Runtime Environment (12.0.1+12) (build 12.0.1+12)
# Java VM: Java HotSpot(TM) 64-Bit Server VM (12.0.1+12, mixed mode, sharing, tiered, compressed oops, g1 gc, windows-amd64)
Heap:
 garbage-first heap   total 129024K, used 14778K [0x0000000082600000, 0x0000000100000000)
  region size 1024K, 9 young (9216K), 5 survivors (5120K)
 Metaspace       used 18610K, capacity 19023K, committed 19328K, reserved 1067008K
  class space    used 1984K, capacity 2123K, committed 2176K, reserved 1048576K
GC Heap History (6 events):
Event: 1.330 GC heap before
{Heap before GC invocations=0 (full 0):
 garbage-first heap   total 129024K, used 24576K [0x0000000082600000, 0x0000000100000000)
  region size 1024K, 24 young (24576K), 0 survivors (0K)
 Metaspace       used 8878K, capacity 9059K, committed 9344K, reserved 1056768K
  class space    used 964K, capacity 1041K, committed 1152K, reserved 1048576K
}
Event: 1.338 GC heap after
{Heap after GC invocations=1 (full 0):
 garbage-first heap   total 129024K, used 7343K [0x0000000082600000, 0x0000000100000000)
  region size 1024K, 3 young (3072K), 3 survivors (3072K)
 Metaspace       used 8878K, capacity 9059K, committed 9344K, reserved 1056768K
  class space    used 964K, capacity 1041K, committed 1152K, reserved 1048576K
}
Event: 1.720 GC heap before
{Heap before GC invocations=1 (full 0):
 garbage-first heap   total 129024K, used 21679K [0x0000000082600000, 0x0000000100000000)
  region size 1024K, 15 young (15360K), 3 survivors (3072K)
 Metaspace       used 12192K, capacity 12419K, committed 12672K, reserved 1060864K
  class space    used 1251K, capacity 1307K, committed 1408K, reserved 1048576K
}
Event: 1.725 GC heap after
{Heap after GC invocations=2 (full 0):
 garbage-first heap   total 129024K, used 8676K [0x0000000082600000, 0x0000000100000000)
  region size 1024K, 2 young (2048K), 2 survivors (2048K)
 Metaspace       used 12192K, capacity 12419K, committed 12672K, reserved 1060864K
  class space    used 1251K, capacity 1307K, committed 1408K, reserved 1048576K
}
Event: 3.150 GC heap before
{Heap before GC invocations=2 (full 0):
 garbage-first heap   total 129024K, used 46564K [0x0000000082600000, 0x0000000100000000)
  region size 1024K, 39 young (39936K), 2 survivors (2048K)
 Metaspace       used 18523K, capacity 18889K, committed 19072K, reserved 1067008K
  class space    used 1981K, capacity 2122K, committed 2176K, reserved 1048576K
}
Event: 3.157 GC heap after
{Heap after GC invocations=3 (full 0):
 garbage-first heap   total 129024K, used 11706K [0x0000000082600000, 0x0000000100000000)
  region size 1024K, 5 young (5120K), 5 survivors (5120K)
 Metaspace       used 18523K, capacity 18889K, committed 19072K, reserved 1067008K
  class space    used 1981K, capacity 2122K, committed 2176K, reserved 1048576K
}

