# JRE version: Java(TM) SE Runtime Environment (12.0.1+12) (build 12.0.1+12)
# Java VM: Java HotSpot(TM) 64-Bit Server VM (12.0.1+12, mixed mode, sharing, tiered, compressed oops, g1 gc, windows-amd64)
Heap:
 garbage-first heap   total 129024K, used 15084K [0x0000000082600000, 0x0000000100000000)
  region size 1024K, 8 young (8192K), 5 survivors (5120K)
 Metaspace       used 18634K, capacity 18890K, committed 19072K, reserved 1067008K
  class space    used 2012K, capacity 2114K, committed 2176K, reserved 1048576K
GC Heap History (6 events):
Event: 2.575 GC heap before
{Heap before GC invocations=0 (full 0):
 garbage-first heap   total 129024K, used 24576K [0x0000000082600000, 0x0000000100000000)
  region size 1024K, 24 young (24576K), 0 survivors (0K)
 Metaspace       used 9008K, capacity 9251K, committed 9600K, reserved 1058816K
  class space    used 966K, capacity 1041K, committed 1152K, reserved 1048576K
}
Event: 2.583 GC heap after
{Heap after GC invocations=1 (full 0):
 garbage-first heap   total 129024K, used 7069K [0x0000000082600000, 0x0000000100000000)
  region size 1024K, 3 young (3072K), 3 survivors (3072K)
 Metaspace       used 9008K, capacity 9251K, committed 9600K, reserved 1058816K
  class space    used 966K, capacity 1041K, committed 1152K, reserved 1048576K
}
Event: 2.796 GC heap before
{Heap before GC invocations=1 (full 0):
 garbage-first heap   total 129024K, used 13213K [0x0000000082600000, 0x0000000100000000)
  region size 1024K, 9 young (9216K), 3 survivors (3072K)
 Metaspace       used 10293K, capacity 10563K, committed 10752K, reserved 1058816K
  class space    used 1127K, capacity 1201K, committed 1280K, reserved 1048576K
}
Event: 2.801 GC heap after
{Heap after GC invocations=2 (full 0):
 garbage-first heap   total 129024K, used 8159K [0x0000000082600000, 0x0000000100000000)
  region size 1024K, 1 young (1024K), 1 survivors (1024K)
 Metaspace       used 10293K, capacity 10563K, committed 10752K, reserved 1058816K
  class space    used 1127K, capacity 1201K, committed 1280K, reserved 1048576K
}
Event: 4.335 GC heap before
{Heap before GC invocations=2 (full 0):
 garbage-first heap   total 129024K, used 48095K [0x0000000082600000, 0x0000000100000000)
  region size 1024K, 37 young (37888K), 1 survivors (1024K)
 Metaspace       used 18445K, capacity 18756K, committed 19072K, reserved 1067008K
  class space    used 1994K, capacity 2113K, committed 2176K, reserved 1048576K
}
Event: 4.343 GC heap after
{Heap after GC invocations=3 (full 0):
 garbage-first heap   total 129024K, used 13036K [0x0000000082600000, 0x0000000100000000)
  region size 1024K, 5 young (5120K), 5 survivors (5120K)
 Metaspace       used 18445K, capacity 18756K, committed 19072K, reserved 1067008K
  class space    used 1994K, capacity 2113K, committed 2176K, reserved 1048576K
}

