<?xml version="1.0" encoding="UTF-8"?>
<!-- Generated by org.testng.reporters.JUnitXMLReporter -->
<testsuite ignored="0" hostname="DESKTOP-8J3BGIT" failures="0" tests="7" name="Default test" time="5.71" errors="0" timestamp="04 Jul 2019 06:19:53 GMT">
  <testcase classname="com.bpci.testCases.TC006_Get_EpisodeSummary" name="checkContentLength" time="0.015"/>
  <testcase classname="com.bpci.testCases.TC006_Get_EpisodeSummary" name="checkContentType" time="0.002"/>
  <testcase classname="com.bpci.testCases.TC006_Get_EpisodeSummary" name="checkEpisodeSummary" time="0.344"/>
  <testcase classname="com.bpci.testCases.TC006_Get_EpisodeSummary" name="checkResponseTime" time="0.002"/>
  <testcase classname="com.bpci.testCases.TC006_Get_EpisodeSummary" name="checkServerType" time="0.002"/>
  <testcase classname="com.bpci.testCases.TC006_Get_EpisodeSummary" name="checkStatusCode" time="0.002"/>
  <testcase classname="com.bpci.testCases.TC006_Get_EpisodeSummary" name="checkStatusLine" time="0.002"/>
</testsuite> <!-- Default test -->
