<?xml version="1.0" encoding="UTF-8"?>
<!-- Generated by org.testng.reporters.JUnitXMLReporter -->
<testsuite ignored="0" hostname="DESKTOP-8J3BGIT" failures="0" tests="49" name="Test" time="23.908" errors="0" timestamp="03 Jul 2019 13:01:53 GMT">
  <testcase classname="com.bpci.testCases.TC001_Get_ActiveAdmissionCount" name="checkAdmissionCount" time="0.521"/>
  <testcase classname="com.bpci.testCases.TC001_Get_ActiveAdmissionCount" name="checkContentLength" time="0.005"/>
  <testcase classname="com.bpci.testCases.TC001_Get_ActiveAdmissionCount" name="checkContentType" time="0.003"/>
  <testcase classname="com.bpci.testCases.TC001_Get_ActiveAdmissionCount" name="checkResponseTime" time="0.003"/>
  <testcase classname="com.bpci.testCases.TC001_Get_ActiveAdmissionCount" name="checkServerType" time="0.003"/>
  <testcase classname="com.bpci.testCases.TC001_Get_ActiveAdmissionCount" name="checkStatusCode" time="0.002"/>
  <testcase classname="com.bpci.testCases.TC001_Get_ActiveAdmissionCount" name="checkStatusLine" time="0.003"/>
  <testcase classname="com.bpci.testCases.TC002_Get_AverageLOS" name="checkAverageLOS" time="0.043"/>
  <testcase classname="com.bpci.testCases.TC002_Get_AverageLOS" name="checkContentLength" time="0.002"/>
  <testcase classname="com.bpci.testCases.TC002_Get_AverageLOS" name="checkContentType" time="0.003"/>
  <testcase classname="com.bpci.testCases.TC002_Get_AverageLOS" name="checkResponseTime" time="0.003"/>
  <testcase classname="com.bpci.testCases.TC002_Get_AverageLOS" name="checkServerType" time="0.003"/>
  <testcase classname="com.bpci.testCases.TC002_Get_AverageLOS" name="checkStatusCode" time="0.003"/>
  <testcase classname="com.bpci.testCases.TC002_Get_AverageLOS" name="checkStatusLine" time="0.003"/>
  <testcase classname="com.bpci.testCases.TC003_Get_ProjectedCostPerYear" name="checkContentLength" time="0.004"/>
  <testcase classname="com.bpci.testCases.TC003_Get_ProjectedCostPerYear" name="checkContentType" time="0.004"/>
  <testcase classname="com.bpci.testCases.TC003_Get_ProjectedCostPerYear" name="checkProjectedCost" time="0.027"/>
  <testcase classname="com.bpci.testCases.TC003_Get_ProjectedCostPerYear" name="checkResponseTime" time="0.001"/>
  <testcase classname="com.bpci.testCases.TC003_Get_ProjectedCostPerYear" name="checkServerType" time="0.002"/>
  <testcase classname="com.bpci.testCases.TC003_Get_ProjectedCostPerYear" name="checkStatusCode" time="0.001"/>
  <testcase classname="com.bpci.testCases.TC003_Get_ProjectedCostPerYear" name="checkStatusLine" time="0.003"/>
  <testcase classname="com.bpci.testCases.TC004_Get_PercentageOfReadmission" name="checkContentLength" time="0.004"/>
  <testcase classname="com.bpci.testCases.TC004_Get_PercentageOfReadmission" name="checkContentType" time="0.002"/>
  <testcase classname="com.bpci.testCases.TC004_Get_PercentageOfReadmission" name="checkPercentageOfReadmission" time="0.017"/>
  <testcase classname="com.bpci.testCases.TC004_Get_PercentageOfReadmission" name="checkResponseTime" time="0.001"/>
  <testcase classname="com.bpci.testCases.TC004_Get_PercentageOfReadmission" name="checkServerType" time="0.001"/>
  <testcase classname="com.bpci.testCases.TC004_Get_PercentageOfReadmission" name="checkStatusCode" time="0.002"/>
  <testcase classname="com.bpci.testCases.TC004_Get_PercentageOfReadmission" name="checkStatusLine" time="0.002"/>
  <testcase classname="com.bpci.testCases.TC005_Get_PercentageDischargeToSNF" name="checkContentLength" time="0.004"/>
  <testcase classname="com.bpci.testCases.TC005_Get_PercentageDischargeToSNF" name="checkContentType" time="0.002"/>
  <testcase classname="com.bpci.testCases.TC005_Get_PercentageDischargeToSNF" name="checkPercentageDischargeToSNF" time="0.019"/>
  <testcase classname="com.bpci.testCases.TC005_Get_PercentageDischargeToSNF" name="checkResponseTime" time="0.002"/>
  <testcase classname="com.bpci.testCases.TC005_Get_PercentageDischargeToSNF" name="checkServerType" time="0.002"/>
  <testcase classname="com.bpci.testCases.TC005_Get_PercentageDischargeToSNF" name="checkStatusCode" time="0.002"/>
  <testcase classname="com.bpci.testCases.TC005_Get_PercentageDischargeToSNF" name="checkStatusLine" time="0.002"/>
  <testcase classname="com.bpci.testCases.TC006_Get_EpisodeSummary" name="checkContentLength" time="0.004"/>
  <testcase classname="com.bpci.testCases.TC006_Get_EpisodeSummary" name="checkContentType" time="0.002"/>
  <testcase classname="com.bpci.testCases.TC006_Get_EpisodeSummary" name="checkEpisodeSummary" time="0.06"/>
  <testcase classname="com.bpci.testCases.TC006_Get_EpisodeSummary" name="checkResponseTime" time="0.001"/>
  <testcase classname="com.bpci.testCases.TC006_Get_EpisodeSummary" name="checkServerType" time="0.002"/>
  <testcase classname="com.bpci.testCases.TC006_Get_EpisodeSummary" name="checkStatusCode" time="0.002"/>
  <testcase classname="com.bpci.testCases.TC006_Get_EpisodeSummary" name="checkStatusLine" time="0.003"/>
  <testcase classname="com.bpci.testCases.TC007_Get_EpisodeSummaryDetails" name="checkContentLength" time="0.003"/>
  <testcase classname="com.bpci.testCases.TC007_Get_EpisodeSummaryDetails" name="checkContentType" time="0.002"/>
  <testcase classname="com.bpci.testCases.TC007_Get_EpisodeSummaryDetails" name="checkEpisodeSummaryDetails" time="0.07"/>
  <testcase classname="com.bpci.testCases.TC007_Get_EpisodeSummaryDetails" name="checkResponseTime" time="0.002"/>
  <testcase classname="com.bpci.testCases.TC007_Get_EpisodeSummaryDetails" name="checkServerType" time="0.002"/>
  <testcase classname="com.bpci.testCases.TC007_Get_EpisodeSummaryDetails" name="checkStatusCode" time="0.002"/>
  <testcase classname="com.bpci.testCases.TC007_Get_EpisodeSummaryDetails" name="checkStatusLine" time="0.002"/>
</testsuite> <!-- Test -->
