<?xml version="1.0" encoding="UTF-8"?>
<!-- Generated by org.testng.reporters.JUnitXMLReporter -->
<testsuite ignored="0" hostname="DESKTOP-8J3BGIT" failures="4" tests="68" name="Test" time="35.349" errors="0" timestamp="15 Jul 2019 07:23:57 GMT">
  <testcase classname="com.bpci.testCases.TC001_Get_ActiveAdmissionCount" name="checkActiveEpisode" time="0.854"/>
  <testcase classname="com.bpci.testCases.TC001_Get_ActiveAdmissionCount" name="checkActiveEpisodeFilterByCurrentState" time="0.546"/>
  <testcase classname="com.bpci.testCases.TC001_Get_ActiveAdmissionCount" name="checkActiveEpisodeFilterByDischargeDate" time="0.533"/>
  <testcase classname="com.bpci.testCases.TC001_Get_ActiveAdmissionCount" name="checkActiveEpisodeFilterByDischargeDisposition" time="0.531"/>
  <testcase classname="com.bpci.testCases.TC001_Get_ActiveAdmissionCount" name="checkActiveEpisodeFilterByEpisodeId" time="0.532"/>
  <testcase classname="com.bpci.testCases.TC001_Get_ActiveAdmissionCount" name="checkActiveEpisodeFilterByFacilityName" time="0.547"/>
  <testcase classname="com.bpci.testCases.TC001_Get_ActiveAdmissionCount" name="checkActiveEpisodeFilterByInitiatorName" time="0.518"/>
  <testcase classname="com.bpci.testCases.TC001_Get_ActiveAdmissionCount" name="checkActiveEpisodeFilterByLOS" time="0.528">
    <failure type="java.lang.AssertionError" message="Not Matched expected [12] but found [3]">
      <![CDATA[java.lang.AssertionError: Not Matched expected [12] but found [3]
at com.bpci.testCases.TC001_Get_ActiveAdmissionCount.checkActiveEpisodeFilterByLOS(TC001_Get_ActiveAdmissionCount.java:167)
... Removed 30 stack frames]]>
    </failure>
  </testcase> <!-- checkActiveEpisodeFilterByLOS -->
  <testcase classname="com.bpci.testCases.TC001_Get_ActiveAdmissionCount" name="checkActiveEpisodeFilterByOwnerName" time="0.515"/>
  <testcase classname="com.bpci.testCases.TC001_Get_ActiveAdmissionCount" name="checkActiveEpisodeFilterByPatientName" time="0.516"/>
  <testcase classname="com.bpci.testCases.TC001_Get_ActiveAdmissionCount" name="checkActiveEpisodeFilterByStartDate" time="0.516"/>
  <testcase classname="com.bpci.testCases.TC001_Get_ActiveAdmissionCount" name="checkAdmissionCount" time="0.016"/>
  <testcase classname="com.bpci.testCases.TC001_Get_ActiveAdmissionCount" name="checkContentLength" time="0.0"/>
  <testcase classname="com.bpci.testCases.TC001_Get_ActiveAdmissionCount" name="checkContentType" time="0.0"/>
  <testcase classname="com.bpci.testCases.TC001_Get_ActiveAdmissionCount" name="checkInactiveEpisode" time="0.516"/>
  <testcase classname="com.bpci.testCases.TC001_Get_ActiveAdmissionCount" name="checkObservationEpisode" time="0.656"/>
  <testcase classname="com.bpci.testCases.TC001_Get_ActiveAdmissionCount" name="checkResponseTime" time="0.0"/>
  <testcase classname="com.bpci.testCases.TC001_Get_ActiveAdmissionCount" name="checkServerType" time="0.0"/>
  <testcase classname="com.bpci.testCases.TC001_Get_ActiveAdmissionCount" name="checkStatusCode" time="0.016"/>
  <testcase classname="com.bpci.testCases.TC001_Get_ActiveAdmissionCount" name="checkStatusLine" time="0.0"/>
  <testcase classname="com.bpci.testCases.TC002_Get_AverageLOS" name="checkAverageLOS" time="0.099"/>
  <testcase classname="com.bpci.testCases.TC002_Get_AverageLOS" name="checkContentLength" time="0.0"/>
  <testcase classname="com.bpci.testCases.TC002_Get_AverageLOS" name="checkContentType" time="0.0"/>
  <testcase classname="com.bpci.testCases.TC002_Get_AverageLOS" name="checkResponseTime" time="0.0"/>
  <testcase classname="com.bpci.testCases.TC002_Get_AverageLOS" name="checkServerType" time="0.0"/>
  <testcase classname="com.bpci.testCases.TC002_Get_AverageLOS" name="checkStatusCode" time="0.0"/>
  <testcase classname="com.bpci.testCases.TC002_Get_AverageLOS" name="checkStatusLine" time="0.0"/>
  <testcase classname="com.bpci.testCases.TC003_Get_ProjectedCostPerYear" name="checkContentLength" time="0.005"/>
  <testcase classname="com.bpci.testCases.TC003_Get_ProjectedCostPerYear" name="checkContentType" time="0.0"/>
  <testcase classname="com.bpci.testCases.TC003_Get_ProjectedCostPerYear" name="checkProjectedCost" time="0.015"/>
  <testcase classname="com.bpci.testCases.TC003_Get_ProjectedCostPerYear" name="checkResponseTime" time="0.0"/>
  <testcase classname="com.bpci.testCases.TC003_Get_ProjectedCostPerYear" name="checkServerType" time="0.0"/>
  <testcase classname="com.bpci.testCases.TC003_Get_ProjectedCostPerYear" name="checkStatusCode" time="0.0"/>
  <testcase classname="com.bpci.testCases.TC003_Get_ProjectedCostPerYear" name="checkStatusLine" time="0.0"/>
  <testcase classname="com.bpci.testCases.TC004_Get_PercentageOfReadmission" name="checkContentLength" time="0.004"/>
  <testcase classname="com.bpci.testCases.TC004_Get_PercentageOfReadmission" name="checkContentType" time="0.0"/>
  <testcase classname="com.bpci.testCases.TC004_Get_PercentageOfReadmission" name="checkPercentageOfReadmission" time="0.0"/>
  <testcase classname="com.bpci.testCases.TC004_Get_PercentageOfReadmission" name="checkResponseTime" time="0.0"/>
  <testcase classname="com.bpci.testCases.TC004_Get_PercentageOfReadmission" name="checkServerType" time="0.0"/>
  <testcase classname="com.bpci.testCases.TC004_Get_PercentageOfReadmission" name="checkStatusCode" time="0.015">
    <failure type="java.lang.AssertionError" message="expected [200] but found [500]">
      <![CDATA[java.lang.AssertionError: expected [200] but found [500]
at com.bpci.testCases.TC004_Get_PercentageOfReadmission.checkStatusCode(TC004_Get_PercentageOfReadmission.java:31)
... Removed 31 stack frames]]>
    </failure>
  </testcase> <!-- checkStatusCode -->
  <testcase classname="com.bpci.testCases.TC004_Get_PercentageOfReadmission" name="checkStatusLine" time="0.0">
    <failure type="java.lang.AssertionError" message="expected [HTTP/1.1 200 OK] but found [HTTP/1.1 500 Internal Server Error]">
      <![CDATA[java.lang.AssertionError: expected [HTTP/1.1 200 OK] but found [HTTP/1.1 500 Internal Server Error]
at com.bpci.testCases.TC004_Get_PercentageOfReadmission.checkStatusLine(TC004_Get_PercentageOfReadmission.java:55)
... Removed 31 stack frames]]>
    </failure>
  </testcase> <!-- checkStatusLine -->
  <testcase classname="com.bpci.testCases.TC005_Get_PercentageDischargeToSNF" name="checkContentLength" time="0.003"/>
  <testcase classname="com.bpci.testCases.TC005_Get_PercentageDischargeToSNF" name="checkContentType" time="0.0"/>
  <testcase classname="com.bpci.testCases.TC005_Get_PercentageDischargeToSNF" name="checkPercentageDischargeToSNF" time="0.0"/>
  <testcase classname="com.bpci.testCases.TC005_Get_PercentageDischargeToSNF" name="checkResponseTime" time="0.0"/>
  <testcase classname="com.bpci.testCases.TC005_Get_PercentageDischargeToSNF" name="checkServerType" time="0.0"/>
  <testcase classname="com.bpci.testCases.TC005_Get_PercentageDischargeToSNF" name="checkStatusCode" time="0.0"/>
  <testcase classname="com.bpci.testCases.TC005_Get_PercentageDischargeToSNF" name="checkStatusLine" time="0.016"/>
  <testcase classname="com.bpci.testCases.TC005_Get_PercentageDischargeToSNF" name="validatePercentageDischargeToSNFFilterByAdmitDate" time="0.88"/>
  <testcase classname="com.bpci.testCases.TC005_Get_PercentageDischargeToSNF" name="validatePercentageDischargeToSNFFilterByDischargeDate" time="0.561"/>
  <testcase classname="com.bpci.testCases.TC005_Get_PercentageDischargeToSNF" name="validatePercentageDischargeToSNFFilterByEpisodeId" time="0.53"/>
  <testcase classname="com.bpci.testCases.TC005_Get_PercentageDischargeToSNF" name="validatePercentageDischargeToSNFFilterByEpisodeType" time="0.626"/>
  <testcase classname="com.bpci.testCases.TC005_Get_PercentageDischargeToSNF" name="validatePercentageDischargeToSNFFilterByLOS" time="0.531"/>
  <testcase classname="com.bpci.testCases.TC005_Get_PercentageDischargeToSNF" name="validatePercentageDischargeToSNFFilterByStartDate" time="0.811"/>
  <testcase classname="com.bpci.testCases.TC006_Get_EpisodeSummary" name="checkContentLength" time="0.002">
    <failure type="java.lang.AssertionError" message="expected [true] but found [false]">
      <![CDATA[java.lang.AssertionError: expected [true] but found [false]
at com.bpci.testCases.TC006_Get_EpisodeSummary.checkContentLength(TC006_Get_EpisodeSummary.java:159)
... Removed 29 stack frames]]>
    </failure>
  </testcase> <!-- checkContentLength -->
  <testcase classname="com.bpci.testCases.TC006_Get_EpisodeSummary" name="checkContentType" time="0.0"/>
  <testcase classname="com.bpci.testCases.TC006_Get_EpisodeSummary" name="checkEpisodeSummary" time="0.031"/>
  <testcase classname="com.bpci.testCases.TC006_Get_EpisodeSummary" name="checkResponseTime" time="0.0"/>
  <testcase classname="com.bpci.testCases.TC006_Get_EpisodeSummary" name="checkServerType" time="0.0"/>
  <testcase classname="com.bpci.testCases.TC006_Get_EpisodeSummary" name="checkStatusCode" time="0.0"/>
  <testcase classname="com.bpci.testCases.TC006_Get_EpisodeSummary" name="checkStatusLine" time="0.0"/>
  <testcase classname="com.bpci.testCases.TC007_Get_EpisodeSummaryDetails" name="checkContentLength" time="0.002"/>
  <testcase classname="com.bpci.testCases.TC007_Get_EpisodeSummaryDetails" name="checkContentType" time="0.001"/>
  <testcase classname="com.bpci.testCases.TC007_Get_EpisodeSummaryDetails" name="checkEpisodeSummaryDetails" time="0.047"/>
  <testcase classname="com.bpci.testCases.TC007_Get_EpisodeSummaryDetails" name="checkResponseTime" time="0.0"/>
  <testcase classname="com.bpci.testCases.TC007_Get_EpisodeSummaryDetails" name="checkServerType" time="0.0"/>
  <testcase classname="com.bpci.testCases.TC007_Get_EpisodeSummaryDetails" name="checkStatusCode" time="0.0"/>
  <testcase classname="com.bpci.testCases.TC007_Get_EpisodeSummaryDetails" name="checkStatusLine" time="0.0"/>
</testsuite> <!-- Test -->
