<?xml version="1.0" encoding="UTF-8"?>
<testng-results ignored="19" total="20" passed="1" failed="0" skipped="0">
  <reporter-output>
  </reporter-output>
  <suite started-at="2019-07-16T05:48:22Z" name="Default suite" finished-at="2019-07-16T05:48:32Z" duration-ms="10347">
    <groups>
    </groups>
    <test started-at="2019-07-16T05:48:22Z" name="Default test" finished-at="2019-07-16T05:48:32Z" duration-ms="10347">
      <class name="com.bpci.testCases.TC001_Get_ActiveAdmissionCount">
        <test-method is-config="true" signature="setup()[pri:0, instance:com.bpci.testCases.TC001_Get_ActiveAdmissionCount@7995092a]" started-at="2019-07-16T05:48:22Z" name="setup" finished-at="2019-07-16T05:48:22Z" duration-ms="149" status="PASS">
          <reporter-output>
          </reporter-output>
        </test-method> <!-- setup -->
        <test-method is-config="true" signature="getActiveAdmissionCount()[pri:0, instance:com.bpci.testCases.TC001_Get_ActiveAdmissionCount@7995092a]" started-at="2019-07-16T05:48:22Z" name="getActiveAdmissionCount" finished-at="2019-07-16T05:48:31Z" duration-ms="8700" status="PASS">
          <reporter-output>
          </reporter-output>
        </test-method> <!-- getActiveAdmissionCount -->
        <test-method signature="checkActiveEpisodeFilterByDischargeDate()[pri:0, instance:com.bpci.testCases.TC001_Get_ActiveAdmissionCount@7995092a]" started-at="2019-07-16T05:48:31Z" name="checkActiveEpisodeFilterByDischargeDate" finished-at="2019-07-16T05:48:32Z" duration-ms="1449" status="PASS">
          <reporter-output>
          </reporter-output>
        </test-method> <!-- checkActiveEpisodeFilterByDischargeDate -->
        <test-method is-config="true" signature="tearDown()[pri:0, instance:com.bpci.testCases.TC001_Get_ActiveAdmissionCount@7995092a]" started-at="2019-07-16T05:48:32Z" name="tearDown" finished-at="2019-07-16T05:48:32Z" duration-ms="2" status="PASS">
          <reporter-output>
          </reporter-output>
        </test-method> <!-- tearDown -->
      </class> <!-- com.bpci.testCases.TC001_Get_ActiveAdmissionCount -->
    </test> <!-- Default test -->
  </suite> <!-- Default suite -->
</testng-results>
